root                       Thu Jul 18 12:02:56 2019                login
sam                        Thu Jul 18 12:03:08 2019                login
root                       Thu Jul 18 12:03:08 2019                   ls
root                       Thu Jul 18 12:03:08 2019                   ls
root                       Thu Jul 18 12:03:08 2019                   ls
sam                        Thu Jul 18 12:03:58 2019                   ls
sam                        Thu Jul 18 12:04:00 2019                   ls
root                       Thu Jul 18 12:04:02 2019                   ls
sam                        Thu Jul 18 12:04:04 2019                  pwd
root                       Thu Jul 18 12:04:07 2019                  pwd
sam                        Thu Jul 18 16:13:39 2019                login
sam                        Thu Jul 18 16:18:12 2019                login
sam                        Thu Jul 18 16:18:16 2019                   ls
sam                        Thu Jul 18 16:18:18 2019                  pwd
sam                        Thu Jul 18 16:18:20 2019                   cd
sam                        Thu Jul 18 16:18:22 2019                   ls
sam                        Thu Jul 18 16:18:27 2019                   ji
sam                        Thu Jul 18 16:18:28 2019                   ji
sam                        Thu Jul 18 16:18:29 2019            lkasjdkla
sam                        Thu Jul 18 16:22:15 2019                login
sam                        Thu Jul 18 16:22:16 2019                   ls
sam                        Thu Jul 18 16:48:37 2019                login
sam                        Thu Jul 18 16:48:38 2019                   ls
sam                        Thu Jul 18 16:48:39 2019                  pwd
sam                        Thu Jul 18 16:49:32 2019                   ls
sam                        Thu Jul 18 16:51:54 2019                   ls
sam                        Thu Jul 18 16:51:56 2019                  pwd
sam                        Thu Jul 18 16:54:07 2019                login
sam                        Thu Jul 18 18:09:04 2019                login
sam                        Thu Jul 18 18:09:06 2019                   ls
sam                        Thu Jul 18 18:09:07 2019                  pwd
sam                        Thu Jul 18 18:09:37 2019                   ls
sam                        Thu Jul 18 18:09:41 2019                   ls
sam                        Thu Jul 18 18:09:42 2019                   ls
sam                        Thu Jul 18 18:10:44 2019                login
sam                        Thu Jul 18 18:10:45 2019                   ls
sam                        Thu Jul 18 18:10:46 2019                  pwd
sam                        Thu Jul 18 18:10:52 2019                 puts
sam                        Thu Jul 18 18:11:06 2019                   ls
sam                        Thu Jul 18 18:11:08 2019                  pwd
sam                        Thu Jul 18 18:11:17 2019                   ls
sam                        Thu Jul 18 18:11:35 2019                   ls
sam                        Thu Jul 18 18:11:38 2019                 puts
sam                        Thu Jul 18 18:14:13 2019                login
sam                        Thu Jul 18 18:14:14 2019                   ls
sam                        Thu Jul 18 18:14:16 2019                  pwd
sam                        Thu Jul 18 18:14:26 2019                   ls
sam                        Thu Jul 18 18:14:36 2019                   ls
sam                        Thu Jul 18 18:14:37 2019                   ls
sam                        Thu Jul 18 18:14:38 2019                   ls
sam                        Thu Jul 18 18:14:38 2019                   ls
sam                        Thu Jul 18 18:14:39 2019                   ls
sam                        Thu Jul 18 18:14:47 2019                   ls
sam                        Thu Jul 18 18:14:48 2019                  pwd
sam                        Thu Jul 18 18:14:51 2019                   ls
sam                        Thu Jul 18 18:15:05 2019                 puts
sam                        Thu Jul 18 18:16:09 2019                login
sam                        Thu Jul 18 18:16:12 2019                 puts
sam                        Thu Jul 18 18:18:01 2019                login
sam                        Thu Jul 18 18:18:05 2019                 puts
sam                        Thu Jul 18 18:18:12 2019                   ls
sam                        Thu Jul 18 18:18:15 2019                  pwd
sam                        Thu Jul 18 18:53:25 2019                login
sam                        Thu Jul 18 18:53:28 2019                   ls
sam                        Thu Jul 18 18:53:29 2019                  pwd
sam                        Thu Jul 18 18:53:32 2019                 puts
sam                        Thu Jul 18 18:53:43 2019                   ls
sam                        Thu Jul 18 18:53:44 2019                   ls
sam                        Thu Jul 18 18:53:45 2019                   ls
sam                        Thu Jul 18 18:53:46 2019                   ls
sam                        Thu Jul 18 18:55:29 2019                login
sam                        Thu Jul 18 18:55:31 2019                   ls
sam                        Thu Jul 18 18:55:35 2019                 puts
sam                        Thu Jul 18 18:56:43 2019                login
sam                        Thu Jul 18 18:56:51 2019                   ls
sam                        Thu Jul 18 18:56:53 2019                 puts
sam                        Thu Jul 18 18:58:10 2019                   ls
sam                        Thu Jul 18 18:58:13 2019                   ls
sam                        Thu Jul 18 18:58:14 2019                   ls
sam                        Thu Jul 18 18:58:15 2019                   ls
sam                        Thu Jul 18 19:02:11 2019                login
sam                        Thu Jul 18 19:02:12 2019                   ls
sam                        Thu Jul 18 19:02:14 2019                 puts
sam                        Thu Jul 18 19:04:03 2019                login
sam                        Thu Jul 18 19:04:05 2019                   ls
sam                        Thu Jul 18 19:04:07 2019                 puts
sam                        Thu Jul 18 19:05:50 2019                login
sam                        Thu Jul 18 19:05:52 2019                 puts
sam                        Thu Jul 18 19:06:00 2019                   ls
sam                        Thu Jul 18 19:06:03 2019                   ls
sam                        Thu Jul 18 19:09:15 2019                login
sam                        Thu Jul 18 19:09:19 2019                   ls
sam                        Thu Jul 18 19:09:23 2019                 puts
sam                        Thu Jul 18 19:12:28 2019                login
sam                        Thu Jul 18 19:12:30 2019                 puts
sam                        Thu Jul 18 19:12:42 2019                   ls
sam                        Thu Jul 18 19:13:38 2019                   cd
sam                        Thu Jul 18 19:13:39 2019                  pwd
sam                        Thu Jul 18 19:13:42 2019                   ls
sam                        Thu Jul 18 19:13:46 2019                   ls
sam                        Thu Jul 18 19:13:48 2019                  pwd
sam                        Thu Jul 18 19:13:50 2019                   cd
sam                        Thu Jul 18 19:13:51 2019                   ls
sam                        Thu Jul 18 19:13:52 2019                  pwd
sam                        Thu Jul 18 19:15:44 2019                login
sam                        Thu Jul 18 19:15:46 2019                   ls
sam                        Thu Jul 18 19:15:47 2019                  pwd
sam                        Thu Jul 18 19:15:50 2019                   cd
sam                        Thu Jul 18 19:15:52 2019                  pwd
sam                        Thu Jul 18 19:15:54 2019                   ls
sam                        Thu Jul 18 19:15:57 2019                   ls
sam                        Thu Jul 18 19:15:58 2019                   ls
sam                        Thu Jul 18 19:15:58 2019                   ls
sam                        Thu Jul 18 19:15:59 2019                   ls
sam                        Thu Jul 18 19:15:59 2019                   ls
sam                        Thu Jul 18 19:16:02 2019                   ls
sam                        Thu Jul 18 19:16:04 2019                   ls
sam                        Thu Jul 18 19:16:05 2019                   ls
sam                        Thu Jul 18 19:16:07 2019                   ls
sam                        Thu Jul 18 19:16:09 2019                   ls
sam                        Thu Jul 18 19:16:10 2019                   ls
sam                        Thu Jul 18 19:16:11 2019                   ls
sam                        Thu Jul 18 19:16:11 2019                   ls
sam                        Thu Jul 18 19:16:12 2019                   ls
sam                        Thu Jul 18 19:16:13 2019                   ls
sam                        Thu Jul 18 19:17:25 2019                login
sam                        Thu Jul 18 19:17:27 2019                   ls
sam                        Thu Jul 18 19:17:28 2019                  pwd
sam                        Thu Jul 18 19:17:30 2019                   cd
sam                        Thu Jul 18 19:17:31 2019                   ls
sam                        Thu Jul 18 19:17:34 2019                  pwd
sam                        Thu Jul 18 19:17:37 2019                   ls
sam                        Thu Jul 18 19:17:41 2019                   ls
sam                        Thu Jul 18 19:17:43 2019                   ls
sam                        Thu Jul 18 19:17:46 2019                  pwd
sam                        Thu Jul 18 19:19:33 2019                login
sam                        Thu Jul 18 19:19:39 2019                   ls
sam                        Thu Jul 18 19:19:41 2019                  pwd
sam                        Thu Jul 18 19:19:45 2019                   cd
sam                        Thu Jul 18 19:19:52 2019                   ls
sam                        Thu Jul 18 19:19:55 2019                  pwd
sam                        Thu Jul 18 19:20:07 2019                   ls
sam                        Thu Jul 18 19:20:59 2019                  pwd
sam                        Thu Jul 18 19:21:01 2019                   ls
sam                        Thu Jul 18 19:21:17 2019                   cd
sam                        Thu Jul 18 19:21:18 2019                   ls
sam                        Thu Jul 18 19:21:20 2019                   ls
sam                        Thu Jul 18 19:21:21 2019                   cd
sam                        Thu Jul 18 19:21:22 2019                   cd
sam                        Thu Jul 18 19:21:24 2019                   cd
sam                        Thu Jul 18 19:21:24 2019                   ls
sam                        Thu Jul 18 19:21:27 2019                 puts
sam                        Thu Jul 18 19:21:34 2019                   ls
sam                        Thu Jul 18 19:21:44 2019                 puts
sam                        Thu Jul 18 19:21:48 2019                   ls
sam                        Thu Jul 18 19:21:50 2019                  pwd
sam                        Thu Jul 18 19:21:53 2019                   ls
sam                        Thu Jul 18 19:21:55 2019                  pwd
sam                        Thu Jul 18 19:21:56 2019                   ls
sam                        Thu Jul 18 19:21:57 2019                  pwd
sam                        Thu Jul 18 19:21:58 2019                   ls
sam                        Thu Jul 18 19:22:00 2019                  pwd
sam                        Thu Jul 18 19:22:02 2019                   ls
sam                        Thu Jul 18 19:22:03 2019                   ls
sam                        Thu Jul 18 19:22:06 2019                   ls
sam                        Thu Jul 18 19:23:10 2019                login
sam                        Thu Jul 18 19:23:11 2019                   ls
sam                        Thu Jul 18 19:23:12 2019                  pwd
sam                        Thu Jul 18 19:23:14 2019                 gets
sam                        Thu Jul 18 19:23:15 2019                   ls
sam                        Thu Jul 18 19:23:17 2019                  pwd
sam                        Thu Jul 18 19:23:20 2019                   ls
sam                        Thu Jul 18 19:23:22 2019                   ls
sam                        Thu Jul 18 19:23:31 2019                   ls
sam                        Thu Jul 18 19:23:31 2019                  pwd
sam                        Thu Jul 18 19:29:24 2019                login
sam                        Thu Jul 18 19:29:25 2019                   ls
sam                        Thu Jul 18 19:29:26 2019                  pwd
root                       Thu Jul 18 19:29:48 2019                login
root                       Thu Jul 18 19:29:49 2019                   ls
root                       Thu Jul 18 19:29:50 2019                  pwd
root                       Thu Jul 18 19:29:54 2019                 puts
root                       Thu Jul 18 19:30:04 2019                   ls
root                       Thu Jul 18 19:30:09 2019                 gets
sam                        Thu Jul 18 19:30:14 2019                   ls
sam                        Thu Jul 18 19:30:15 2019                   ls
sam                        Thu Jul 18 19:30:18 2019                 gets
root                       Thu Jul 18 19:30:20 2019                   ls
root                       Thu Jul 18 19:30:21 2019                  pwd
sam                        Thu Jul 18 19:30:33 2019                 gets
root                       Thu Jul 18 19:30:33 2019                 gets
sam                        Thu Jul 18 19:33:31 2019                login
sam                        Thu Jul 18 19:34:47 2019                login
sam                        Thu Jul 18 19:34:49 2019                   ls
sam                        Thu Jul 18 19:34:50 2019                  pwd
sam                        Thu Jul 18 20:11:31 2019                login
sam                        Thu Jul 18 20:11:32 2019                   ls
sam                        Thu Jul 18 20:11:48 2019                 gets
                           Thu Jul 18 20:11:58 2019                login
sam                        Thu Jul 18 20:12:03 2019                 gets
sam                        Thu Jul 18 20:12:10 2019                   ls
sam                        Thu Jul 18 20:12:12 2019                  pwd
sam                        Thu Jul 18 20:12:16 2019                  pwd
sam                        Thu Jul 18 20:12:18 2019                   ls
sam                        Thu Jul 18 20:12:22 2019                   cd
sam                        Thu Jul 18 20:12:24 2019                   ls
sam                        Thu Jul 18 20:12:37 2019               remove
sam                        Thu Jul 18 20:12:39 2019                   ls
sam                        Thu Jul 18 20:12:42 2019                   ls
sam                        Thu Jul 18 20:12:56 2019                   ls
sam                        Thu Jul 18 20:16:55 2019                login
sam                        Thu Jul 18 20:16:56 2019                   ls
sam                        Thu Jul 18 20:16:59 2019                 gets
sam                        Thu Jul 18 20:17:00 2019                   ls
sam                        Thu Jul 18 20:17:02 2019                  pwd
sam                        Thu Jul 18 20:17:05 2019                   ls
sam                        Thu Jul 18 20:17:07 2019                  pwd
sam                        Thu Jul 18 20:17:08 2019                  pwd
sam                        Thu Jul 18 20:17:09 2019                  pwd
sam                        Thu Jul 18 20:17:10 2019                  pwd
sam                        Thu Jul 18 20:17:10 2019                  pwd
sam                        Thu Jul 18 20:17:11 2019                  pwd
sam                        Thu Jul 18 20:17:13 2019                   cd
sam                        Thu Jul 18 20:17:14 2019                   ls
sam                        Thu Jul 18 20:17:15 2019                  pwd
sam                        Thu Jul 18 20:17:29 2019                   ls
sam                        Thu Jul 18 20:17:31 2019                  pwd
sam                        Thu Jul 18 20:17:34 2019                   cd
sam                        Thu Jul 18 20:17:35 2019                   ls
sam                        Thu Jul 18 20:17:36 2019                  pwd
sam                        Thu Jul 18 20:17:40 2019                  pwd
sam                        Thu Jul 18 20:17:43 2019                  pwd
sam                        Thu Jul 18 20:17:44 2019                  pwd
sam                        Thu Jul 18 20:17:45 2019                  pwd
sam                        Thu Jul 18 20:17:46 2019                   ls
                           Thu Jul 18 20:18:22 2019                login
sam                        Thu Jul 18 20:18:29 2019                 gets
sam                        Thu Jul 18 20:18:34 2019                   ls
sam                        Thu Jul 18 20:18:36 2019                   ls
sam                        Thu Jul 18 20:18:40 2019                   cd
sam                        Thu Jul 18 20:18:41 2019                   ls
sam                        Thu Jul 18 20:18:43 2019                   cd
sam                        Thu Jul 18 20:18:43 2019                   ls
sam                        Thu Jul 18 20:18:48 2019                 gets
sam                        Thu Jul 18 20:20:42 2019                login
sam                        Thu Jul 18 20:20:44 2019                   ls
sam                        Thu Jul 18 20:20:46 2019                  pwd
sam                        Thu Jul 18 20:20:50 2019                 gets
sam                        Thu Jul 18 20:20:56 2019                   ls
sam                        Thu Jul 18 20:20:57 2019                  pwd
sam                        Thu Jul 18 20:21:09 2019                   cd
sam                        Thu Jul 18 20:21:12 2019                   cd
sam                        Thu Jul 18 20:21:14 2019                   cd
sam                        Thu Jul 18 20:21:14 2019                   ls
sam                        Thu Jul 18 20:21:15 2019                  pwd
sam                        Thu Jul 18 20:21:20 2019                   cd
sam                        Thu Jul 18 20:21:21 2019                   ls
sam                        Thu Jul 18 20:21:22 2019                  pwd
sam                        Thu Jul 18 20:22:24 2019                login
sam                        Thu Jul 18 20:22:25 2019                   ls
sam                        Thu Jul 18 20:22:25 2019                  pwd
sam                        Thu Jul 18 20:22:28 2019                   cd
                           Thu Jul 18 20:22:34 2019                login
sam                        Thu Jul 18 20:22:35 2019                   ls
sam                        Thu Jul 18 20:22:36 2019                  pwd
sam                        Fri Jul 19 09:42:59 2019                login
sam                        Fri Jul 19 09:43:02 2019                   ls
sam                        Fri Jul 19 09:43:07 2019                  pwd
sam                        Fri Jul 19 10:59:30 2019                login
sam                        Fri Jul 19 11:00:00 2019             timeout!
sam                        Fri Jul 19 11:02:47 2019                login
root                       Fri Jul 19 11:02:55 2019                login
sam                        Fri Jul 19 11:03:23 2019             timeout!
sam                        Fri Jul 19 11:05:37 2019                login
root                       Fri Jul 19 11:05:54 2019                login
root                       Fri Jul 19 11:05:56 2019                   ls
root                       Fri Jul 19 11:06:19 2019                   ls
sam                        Fri Jul 19 11:06:20 2019             timeout!
sam                        Fri Jul 19 11:09:19 2019                login
sam                        Fri Jul 19 11:09:21 2019                   ls
sam                        Fri Jul 19 11:09:27 2019                   ls
sam                        Fri Jul 19 11:09:35 2019                   ls
sam                        Fri Jul 19 11:09:39 2019                   ls
sam                        Fri Jul 19 11:09:40 2019                   ls
sam                        Fri Jul 19 11:09:41 2019                   ls
sam                        Fri Jul 19 11:09:41 2019                   ls
sam                        Fri Jul 19 11:09:42 2019                   ls
sam                        Fri Jul 19 11:09:44 2019                  pwd
sam                        Fri Jul 19 11:09:49 2019         disconnected
sam                        Fri Jul 19 11:10:57 2019                login
sam                        Fri Jul 19 11:11:04 2019                   ls
sam                        Fri Jul 19 11:11:28 2019             timeout!
                           Fri Jul 19 11:11:53 2019                login
sam                        Fri Jul 19 11:11:57 2019                   ls
sam                        Fri Jul 19 11:12:08 2019                   sa
sam                        Fri Jul 19 11:12:25 2019             timeout!
sam                        Fri Jul 19 11:15:04 2019                login
sam                        Fri Jul 19 11:15:21 2019                   ls
sam                        Fri Jul 19 11:15:35 2019             timeout!
sam                        Fri Jul 19 11:17:26 2019                login
sam                        Fri Jul 19 11:17:33 2019                   ls
sam                        Fri Jul 19 11:17:48 2019                   ls
sam                        Fri Jul 19 11:17:58 2019             timeout!
sam                        Fri Jul 19 11:24:35 2019                login
sam                        Fri Jul 19 11:24:38 2019                   ls
sam                        Fri Jul 19 11:24:45 2019                   ls
sam                        Fri Jul 19 11:24:51 2019                   ls
sam                        Fri Jul 19 11:25:22 2019             timeout!
sam                        Fri Jul 19 11:33:40 2019                login
sam                        Fri Jul 19 11:33:40 2019                   ls
sam                        Fri Jul 19 11:33:45 2019               remove
sam                        Fri Jul 19 11:33:51 2019               remove
sam                        Fri Jul 19 11:33:53 2019                   ls
sam                        Fri Jul 19 11:33:57 2019         disconnected
                           Fri Jul 19 11:34:11 2019                login
root                       Fri Jul 19 11:34:12 2019                   ls
root                       Fri Jul 19 11:34:15 2019               remove
root                       Fri Jul 19 11:34:22 2019         disconnected
